<?xml version="1.0" encoding="UTF-8"?>
<testng-results ignored="4" total="12" passed="8" failed="0" skipped="0">
  <reporter-output>
  </reporter-output>
  <suite started-at="2024-06-01T19:04:24 IST" name="Suite" finished-at="2024-06-01T19:04:24 IST" duration-ms="279">
    <groups>
      <group name="Smoke">
        <method signature="basic.second(java.lang.String)[pri:0, instance:TestNGFramework.basic@53ce1329]" name="second" class="TestNGFramework.basic"/>
        <method signature="Basic_1.third(java.lang.String)[pri:0, instance:TestNGFramework.Basic_1@6fdbe764]" name="third" class="TestNGFramework.Basic_1"/>
      </group> <!-- Smoke -->
    </groups>
    <test started-at="2024-06-01T19:04:24 IST" name="Basic_1" finished-at="2024-06-01T19:04:24 IST" duration-ms="77">
      <class name="TestNGFramework.Basic_1">
        <test-method signature="third(java.lang.String)[pri:0, instance:TestNGFramework.Basic_1@6fdbe764]" started-at="2024-06-01T19:04:24 IST" name="third" finished-at="2024-06-01T19:04:24 IST" duration-ms="9" status="PASS">
          <params>
            <param index="0">
              <value>
                <![CDATA[redbus.com]]>
              </value>
            </param>
          </params>
          <reporter-output>
          </reporter-output>
        </test-method> <!-- third -->
      </class> <!-- TestNGFramework.Basic_1 -->
    </test> <!-- Basic_1 -->
    <test started-at="2024-06-01T19:04:24 IST" name="Basic" finished-at="2024-06-01T19:04:24 IST" duration-ms="76">
      <class name="TestNGFramework.basic">
        <test-method is-config="true" signature="prerequisite()[pri:0, instance:TestNGFramework.basic@53ce1329]" started-at="2024-06-01T19:04:24 IST" name="prerequisite" finished-at="2024-06-01T19:04:24 IST" duration-ms="0" status="PASS">
          <reporter-output>
          </reporter-output>
        </test-method> <!-- prerequisite -->
        <test-method signature="second(java.lang.String)[pri:0, instance:TestNGFramework.basic@53ce1329]" started-at="2024-06-01T19:04:24 IST" name="second" finished-at="2024-06-01T19:04:24 IST" duration-ms="18" status="PASS">
          <params>
            <param index="0">
              <value>
                <![CDATA[facebook.com]]>
              </value>
            </param>
          </params>
          <reporter-output>
          </reporter-output>
        </test-method> <!-- second -->
        <test-method is-config="true" signature="lastexecution()[pri:0, instance:TestNGFramework.basic@53ce1329]" started-at="2024-06-01T19:04:24 IST" name="lastexecution" finished-at="2024-06-01T19:04:24 IST" duration-ms="0" status="PASS">
          <reporter-output>
          </reporter-output>
        </test-method> <!-- lastexecution -->
      </class> <!-- TestNGFramework.basic -->
    </test> <!-- Basic -->
    <test started-at="2024-06-01T19:04:24 IST" name="Basic_2" finished-at="2024-06-01T19:04:24 IST" duration-ms="75">
      <class name="TestNGFramework.Basic_2">
        <test-method is-config="true" signature="BeforeSuite1()[pri:0, instance:TestNGFramework.Basic_2@7526515b]" started-at="2024-06-01T19:04:24 IST" name="BeforeSuite1" finished-at="2024-06-01T19:04:24 IST" duration-ms="14" status="PASS">
          <reporter-output>
          </reporter-output>
        </test-method> <!-- BeforeSuite1 -->
        <test-method is-config="true" signature="BeforeTest1()[pri:0, instance:TestNGFramework.Basic_2@7526515b]" started-at="2024-06-01T19:04:24 IST" name="BeforeTest1" finished-at="2024-06-01T19:04:24 IST" duration-ms="1" status="PASS">
          <reporter-output>
          </reporter-output>
        </test-method> <!-- BeforeTest1 -->
        <test-method is-config="true" signature="BeforeClass1()[pri:0, instance:TestNGFramework.Basic_2@7526515b]" started-at="2024-06-01T19:04:24 IST" name="BeforeClass1" finished-at="2024-06-01T19:04:24 IST" duration-ms="0" status="PASS">
          <reporter-output>
          </reporter-output>
        </test-method> <!-- BeforeClass1 -->
        <test-method is-config="true" signature="BeforeMethod1()[pri:0, instance:TestNGFramework.Basic_2@7526515b]" started-at="2024-06-01T19:04:24 IST" name="BeforeMethod1" finished-at="2024-06-01T19:04:24 IST" duration-ms="1" status="PASS">
          <reporter-output>
          </reporter-output>
        </test-method> <!-- BeforeMethod1 -->
        <test-method signature="seventh(java.lang.String)[pri:0, instance:TestNGFramework.Basic_2@7526515b]" started-at="2024-06-01T19:04:24 IST" name="seventh" finished-at="2024-06-01T19:04:24 IST" duration-ms="2" status="PASS">
          <params>
            <param index="0">
              <value>
                <![CDATA[google.com]]>
              </value>
            </param>
          </params>
          <reporter-output>
          </reporter-output>
        </test-method> <!-- seventh -->
        <test-method is-config="true" signature="BeforeMethod1()[pri:0, instance:TestNGFramework.Basic_2@7526515b]" started-at="2024-06-01T19:04:24 IST" name="BeforeMethod1" finished-at="2024-06-01T19:04:24 IST" duration-ms="1" status="PASS">
          <reporter-output>
          </reporter-output>
        </test-method> <!-- BeforeMethod1 -->
        <test-method is-config="true" signature="AfterMethod1()[pri:0, instance:TestNGFramework.Basic_2@7526515b]" started-at="2024-06-01T19:04:24 IST" name="AfterMethod1" finished-at="2024-06-01T19:04:24 IST" duration-ms="0" status="PASS">
          <reporter-output>
          </reporter-output>
        </test-method> <!-- AfterMethod1 -->
        <test-method signature="sixth()[pri:0, instance:TestNGFramework.Basic_2@7526515b]" started-at="2024-06-01T19:04:24 IST" name="sixth" finished-at="2024-06-01T19:04:24 IST" duration-ms="3" status="PASS">
          <reporter-output>
          </reporter-output>
        </test-method> <!-- sixth -->
        <test-method is-config="true" signature="AfterMethod1()[pri:0, instance:TestNGFramework.Basic_2@7526515b]" started-at="2024-06-01T19:04:24 IST" name="AfterMethod1" finished-at="2024-06-01T19:04:24 IST" duration-ms="1" status="PASS">
          <reporter-output>
          </reporter-output>
        </test-method> <!-- AfterMethod1 -->
        <test-method is-config="true" signature="BeforeMethod1()[pri:0, instance:TestNGFramework.Basic_2@7526515b]" started-at="2024-06-01T19:04:24 IST" name="BeforeMethod1" finished-at="2024-06-01T19:04:24 IST" duration-ms="0" status="PASS">
          <reporter-output>
          </reporter-output>
        </test-method> <!-- BeforeMethod1 -->
        <test-method signature="ninth(java.lang.String,java.lang.String)[pri:0, instance:TestNGFramework.Basic_2@7526515b]" started-at="2024-06-01T19:04:24 IST" name="ninth" data-provider="getData" finished-at="2024-06-01T19:04:24 IST" duration-ms="3" status="PASS">
          <params>
            <param index="0">
              <value>
                <![CDATA[firstuname]]>
              </value>
            </param>
            <param index="1">
              <value>
                <![CDATA[firstpwd]]>
              </value>
            </param>
          </params>
          <reporter-output>
          </reporter-output>
        </test-method> <!-- ninth -->
        <test-method is-config="true" signature="AfterMethod1()[pri:0, instance:TestNGFramework.Basic_2@7526515b]" started-at="2024-06-01T19:04:24 IST" name="AfterMethod1" finished-at="2024-06-01T19:04:24 IST" duration-ms="2" status="PASS">
          <reporter-output>
          </reporter-output>
        </test-method> <!-- AfterMethod1 -->
        <test-method is-config="true" signature="BeforeMethod1()[pri:0, instance:TestNGFramework.Basic_2@7526515b]" started-at="2024-06-01T19:04:24 IST" name="BeforeMethod1" finished-at="2024-06-01T19:04:24 IST" duration-ms="1" status="PASS">
          <reporter-output>
          </reporter-output>
        </test-method> <!-- BeforeMethod1 -->
        <test-method signature="ninth(java.lang.String,java.lang.String)[pri:0, instance:TestNGFramework.Basic_2@7526515b]" started-at="2024-06-01T19:04:24 IST" name="ninth" data-provider="getData" finished-at="2024-06-01T19:04:24 IST" duration-ms="4" status="PASS">
          <params>
            <param index="0">
              <value>
                <![CDATA[seconduname]]>
              </value>
            </param>
            <param index="1">
              <value>
                <![CDATA[secondpwd]]>
              </value>
            </param>
          </params>
          <reporter-output>
          </reporter-output>
        </test-method> <!-- ninth -->
        <test-method is-config="true" signature="AfterMethod1()[pri:0, instance:TestNGFramework.Basic_2@7526515b]" started-at="2024-06-01T19:04:24 IST" name="AfterMethod1" finished-at="2024-06-01T19:04:24 IST" duration-ms="1" status="PASS">
          <reporter-output>
          </reporter-output>
        </test-method> <!-- AfterMethod1 -->
        <test-method is-config="true" signature="BeforeMethod1()[pri:0, instance:TestNGFramework.Basic_2@7526515b]" started-at="2024-06-01T19:04:24 IST" name="BeforeMethod1" finished-at="2024-06-01T19:04:24 IST" duration-ms="1" status="PASS">
          <reporter-output>
          </reporter-output>
        </test-method> <!-- BeforeMethod1 -->
        <test-method signature="ninth(java.lang.String,java.lang.String)[pri:0, instance:TestNGFramework.Basic_2@7526515b]" started-at="2024-06-01T19:04:24 IST" name="ninth" data-provider="getData" finished-at="2024-06-01T19:04:24 IST" duration-ms="3" status="PASS">
          <params>
            <param index="0">
              <value>
                <![CDATA[thirduname]]>
              </value>
            </param>
            <param index="1">
              <value>
                <![CDATA[thirdpwd]]>
              </value>
            </param>
          </params>
          <reporter-output>
          </reporter-output>
        </test-method> <!-- ninth -->
        <test-method is-config="true" signature="AfterMethod1()[pri:0, instance:TestNGFramework.Basic_2@7526515b]" started-at="2024-06-01T19:04:24 IST" name="AfterMethod1" finished-at="2024-06-01T19:04:24 IST" duration-ms="1" status="PASS">
          <reporter-output>
          </reporter-output>
        </test-method> <!-- AfterMethod1 -->
        <test-method is-config="true" signature="BeforeMethod1()[pri:0, instance:TestNGFramework.Basic_2@7526515b]" started-at="2024-06-01T19:04:24 IST" name="BeforeMethod1" finished-at="2024-06-01T19:04:24 IST" duration-ms="0" status="PASS">
          <reporter-output>
          </reporter-output>
        </test-method> <!-- BeforeMethod1 -->
        <test-method signature="eight()[pri:0, instance:TestNGFramework.Basic_2@7526515b]" started-at="2024-06-01T19:04:24 IST" name="eight" finished-at="2024-06-01T19:04:24 IST" depends-on-methods="TestNGFramework.Basic_2.sixth, TestNGFramework.Basic_2.seventh" duration-ms="1" status="PASS">
          <reporter-output>
          </reporter-output>
        </test-method> <!-- eight -->
        <test-method is-config="true" signature="AfterMethod1()[pri:0, instance:TestNGFramework.Basic_2@7526515b]" started-at="2024-06-01T19:04:24 IST" name="AfterMethod1" finished-at="2024-06-01T19:04:24 IST" duration-ms="1" status="PASS">
          <reporter-output>
          </reporter-output>
        </test-method> <!-- AfterMethod1 -->
        <test-method is-config="true" signature="AfterTest1()[pri:0, instance:TestNGFramework.Basic_2@7526515b]" started-at="2024-06-01T19:04:24 IST" name="AfterTest1" finished-at="2024-06-01T19:04:24 IST" duration-ms="1" status="PASS">
          <reporter-output>
          </reporter-output>
        </test-method> <!-- AfterTest1 -->
        <test-method is-config="true" signature="AfterClass1()[pri:0, instance:TestNGFramework.Basic_2@7526515b]" started-at="2024-06-01T19:04:24 IST" name="AfterClass1" finished-at="2024-06-01T19:04:24 IST" duration-ms="0" status="PASS">
          <reporter-output>
          </reporter-output>
        </test-method> <!-- AfterClass1 -->
        <test-method is-config="true" signature="AfterSuite1()[pri:0, instance:TestNGFramework.Basic_2@7526515b]" started-at="2024-06-01T19:04:24 IST" name="AfterSuite1" finished-at="2024-06-01T19:04:24 IST" duration-ms="1" status="PASS">
          <reporter-output>
          </reporter-output>
        </test-method> <!-- AfterSuite1 -->
      </class> <!-- TestNGFramework.Basic_2 -->
    </test> <!-- Basic_2 -->
  </suite> <!-- Suite -->
</testng-results>
